C51 COMPILER V9.01   B                                                                     06/17/2022 15:45:48 PAGE 1   


C51 COMPILER V9.01, COMPILATION OF MODULE B
OBJECT MODULE PLACED IN b.OBJ
COMPILER INVOKED BY: F:\Program Files (x86)\keil\C51\BIN\C51.EXE b.c BROWSE DEBUG OBJECTEXTEND

line level    source

   1          #include "reg51.h"
   2          
   3          #define uchar unsigned char;
   4          #define uint unsigned int;
   5          #define NULL 0;
   6          char tab1[]={0x01,0x03,0x02,0x06,0x04,0x0c,0x08,0x09};
   7          
   8          void delay(){
   9   1              char i = 110;
  10   1              while(i--);
  11   1      }
  12          
  13          char key(){
  14   1              if(P2 != 0xff){
  15   2                      if(P2 == 0xfd){
  16   3                              return 1;       
  17   3                      }
  18   2                      else if(P2 == 0xfe){
  19   3                              return 2;
  20   3                      }
  21   2              }
  22   1              return NULL;
  23   1      }
  24          
  25          void main(){
  26   1              char i,status=1;
  27   1              while(1){
  28   2                      //status = key();
  29   2                      if(status == 1){
  30   3                              for(i = 0;i<7;i++){
  31   4                                      P1 = tab1[i];
  32   4                                      delay();
  33   4                              }
  34   3                      }
  35   2                      else if(status == 2){
  36   3                              for(i = 8;i>0;i--){
  37   4                                      P1 = tab1[i];   
  38   4                              }
  39   3                      }       
  40   2              }
  41   1      }


MODULE INFORMATION:   STATIC OVERLAYABLE
   CODE SIZE        =     84    ----
   CONSTANT SIZE    =   ----    ----
   XDATA SIZE       =   ----    ----
   PDATA SIZE       =   ----    ----
   DATA SIZE        =      8    ----
   IDATA SIZE       =   ----    ----
   BIT SIZE         =   ----    ----
END OF MODULE INFORMATION.


C51 COMPILATION COMPLETE.  0 WARNING(S),  0 ERROR(S)
